::1 - GET /api/log HTTP/1.1 304 - - 33.213 ms
::1 - GET /api/log HTTP/1.1 304 - - 11.811 ms
::1 - GET /api/log HTTP/1.1 304 - - 11.824 ms
::1 - GET /api/log HTTP/1.1 304 - - 11.544 ms
::1 - GET /api/log HTTP/1.1 304 - - 11.131 ms
::1 - GET /api/log HTTP/1.1 304 - - 13.866 ms
::1 - GET /api/log HTTP/1.1 304 - - 14.494 ms
::1 - GET /api/servicecode?code=122 HTTP/1.1 200 46386 - 92.563 ms
::1 - GET /favicon.ico HTTP/1.1 404 324 - 138.774 ms
::1 - GET /api/servicecode?code=122 HTTP/1.1 304 - - 62.178 ms
::1 - GET /api/servicecode?code=122 HTTP/1.1 200 29 - 26.164 ms
::1 - GET /api/servicecode?code=122 HTTP/1.1 304 - - 10.141 ms
::1 - GET /api/servicecode?code=GMES-CLIENT-MSG0004 HTTP/1.1 200 476 - 41.887 ms
::1 - GET /api/servicecode?code= HTTP/1.1 200 46386 - 90.383 ms
::1 - GET /api/servicecode?code=%271%27 HTTP/1.1 200 29 - 13.237 ms
::1 - GET /api/servicecode?code=11 HTTP/1.1 200 1178 - 11.037 ms
::1 - GET /api/servicecode?code=GMES-CLIENT-MSG0004 HTTP/1.1 304 - - 18.282 ms
::1 - GET /api/servicecode?code=GMES-CLIENT-MSG000 HTTP/1.1 200 1378 - 19.808 ms
::1 - GET /api/servicecode?code=GMES-CLIENT-MSG00 HTTP/1.1 200 1378 - 13.276 ms
::1 - GET /api/servicecode?code= HTTP/1.1 304 - - 64.874 ms
::1 - GET /api/servicecode?code= HTTP/1.1 200 64493 - 111.620 ms
::1 - GET /favicon.ico HTTP/1.1 404 324 - 59.402 ms
::1 - GET /api/servicecode?code= HTTP/1.1 304 - - 75.415 ms
::1 - GET /api/factory HTTP/1.1 200 29 - 41.819 ms
::1 - OPTIONS /api/address HTTP/1.1 404 324 - 39.202 ms
::1 - GET /api/courselist HTTP/1.1 200 3836 - 23.335 ms
::1 - GET /api/master HTTP/1.1 404 324 - 15.385 ms
::1 - GET /api/servicecode?code= HTTP/1.1 200 64493 - 81.684 ms
::1 - GET /api/servicecode?code=312321 HTTP/1.1 200 29 - 8.406 ms
::1 - OPTIONS /api/servicecode HTTP/1.1 200 8 - 2.390 ms
::1 - POST /api/servicecode HTTP/1.1 404 324 - 35.153 ms
::1 - OPTIONS /api/servicecode HTTP/1.1 200 8 - 0.561 ms
::1 - POST /api/servicecode HTTP/1.1 404 324 - 7.438 ms
::ffff:127.0.0.1 - GET /api/servicecode?code= HTTP/1.1 200 64493 - 109.802 ms
::ffff:127.0.0.1 - GET /api/courselist HTTP/1.1 200 3836 - 16.546 ms
::1 - GET /api/servicecode?code= HTTP/1.1 200 64493 - 79.805 ms
::1 - OPTIONS /api/address HTTP/1.1 404 324 - 125.343 ms
::1 - OPTIONS /api/address HTTP/1.1 404 324 - 18.880 ms
::1 - OPTIONS /api/address HTTP/1.1 404 324 - 46.362 ms
::1 - OPTIONS /api/address HTTP/1.1 404 324 - 82.172 ms
::1 - OPTIONS /api/factory HTTP/1.1 200 13 - 2.156 ms
::1 - POST /api/factory HTTP/1.1 200 16 - 78.189 ms
::1 - GET /api/factory HTTP/1.1 200 140 - 19.163 ms
::1 - OPTIONS /api/factory HTTP/1.1 200 13 - 6.784 ms
::1 - POST /api/factory HTTP/1.1 200 16 - 57.584 ms
::1 - GET /api/factory HTTP/1.1 200 243 - 32.550 ms
::1 - OPTIONS /api/factory HTTP/1.1 200 13 - 8.500 ms
::1 - POST /api/factory HTTP/1.1 200 16 - 49.699 ms
::1 - GET /api/factory HTTP/1.1 200 400 - 31.075 ms
::1 - OPTIONS /api/factory HTTP/1.1 200 13 - 7.976 ms
::1 - POST /api/factory HTTP/1.1 200 16 - 121.692 ms
::1 - GET /api/factory HTTP/1.1 200 197 - 28.586 ms
::1 - GET /api/factory HTTP/1.1 304 - - 34.180 ms
::1 - OPTIONS /api/factory HTTP/1.1 200 13 - 2.210 ms
::ffff:127.0.0.1 - GET /api/factory HTTP/1.1 304 - - 72.150 ms
::1 - OPTIONS /api/factory HTTP/1.1 200 13 - 2.603 ms
::1 - GET /api/factory HTTP/1.1 200 197 - 33.933 ms
::1 - GET /api/factory HTTP/1.1 200 197 - 45.106 ms
::1 - GET /api/factory HTTP/1.1 200 197 - 12.501 ms
::1 - GET /api/factory HTTP/1.1 200 197 - 15.630 ms
::1 - GET /api/factory HTTP/1.1 200 197 - 11.486 ms
::1 - GET /api/factory HTTP/1.1 200 197 - 15.876 ms
::1 - OPTIONS /api/factory HTTP/1.1 200 13 - 8.475 ms
::1 - POST /api/factory HTTP/1.1 200 16 - 122.271 ms
::1 - GET /api/servicecode?code= HTTP/1.1 200 64493 - 111.070 ms
::1 - GET /api/factory HTTP/1.1 200 366 - 15.611 ms
::1 - OPTIONS /api/factory HTTP/1.1 200 13 - 11.338 ms
::1 - POST /api/factory HTTP/1.1 200 16 - 125.373 ms
::1 - GET /api/servicecode?code= HTTP/1.1 200 64493 - 105.601 ms
::1 - GET /api/factory HTTP/1.1 200 531 - 11.649 ms
::1 - GET /api/factory HTTP/1.1 200 531 - 73.512 ms
::1 - OPTIONS /api/factory HTTP/1.1 200 13 - 2.824 ms
::1 - POST /api/factory HTTP/1.1 200 16 - 80.865 ms
::1 - GET /api/servicecode?code= HTTP/1.1 200 64493 - 100.003 ms
::1 - GET /api/factory HTTP/1.1 200 736 - 12.680 ms
::1 - OPTIONS /api/factory HTTP/1.1 200 13 - 0.717 ms
::1 - POST /api/factory HTTP/1.1 200 16 - 16.806 ms
::1 - GET /api/factory HTTP/1.1 200 733 - 16.831 ms
::1 - GET /favicon.ico HTTP/1.1 404 324 - 60.762 ms
::1 - OPTIONS /api/factory HTTP/1.1 200 13 - 0.374 ms
::1 - POST /api/factory HTTP/1.1 200 16 - 6.605 ms
::1 - GET /api/factory HTTP/1.1 200 733 - 14.860 ms
::1 - GET /api/factory HTTP/1.1 304 - - 12.240 ms
::1 - GET /api/factory HTTP/1.1 304 - - 12.703 ms
::1 - GET /api/factory HTTP/1.1 304 - - 33.997 ms
::1 - OPTIONS /api/factory HTTP/1.1 200 13 - 2.199 ms
::1 - POST /api/factory HTTP/1.1 200 16 - 96.797 ms
::1 - GET /api/factory HTTP/1.1 200 935 - 14.184 ms
::1 - GET /api/factory HTTP/1.1 304 - - 22.877 ms
::1 - OPTIONS /api/factory HTTP/1.1 200 13 - 0.845 ms
::1 - POST /api/factory HTTP/1.1 200 16 - 9.460 ms
::1 - GET /api/factory HTTP/1.1 200 935 - 14.957 ms
::1 - GET /api/factory HTTP/1.1 304 - - 17.068 ms
::1 - GET /api/factory HTTP/1.1 304 - - 22.688 ms
::1 - GET /api/factory HTTP/1.1 304 - - 12.884 ms
::1 - GET /api/factory HTTP/1.1 304 - - 9.951 ms
::1 - GET /api/factory HTTP/1.1 304 - - 7.049 ms
::1 - GET /api/factory HTTP/1.1 200 935 - 38.985 ms
::1 - GET /api/factory HTTP/1.1 200 935 - 14.548 ms
::1 - GET /api/factory HTTP/1.1 200 935 - 43.799 ms
::1 - GET /api/factory HTTP/1.1 200 935 - 9.294 ms
::1 - GET /api/factory HTTP/1.1 200 935 - 8.574 ms
::1 - GET /api/factory HTTP/1.1 200 935 - 8.985 ms
::1 - GET /api/factory HTTP/1.1 200 935 - 12.018 ms
::1 - GET /api/factory HTTP/1.1 304 - - 6.149 ms
::1 - GET /api/factory HTTP/1.1 200 935 - 22.586 ms
::1 - GET /api/factory HTTP/1.1 200 935 - 15.419 ms
::1 - GET /api/factory HTTP/1.1 200 935 - 8.747 ms
::1 - GET /api/factory HTTP/1.1 200 935 - 11.034 ms
::1 - GET /api/factory HTTP/1.1 200 935 - 11.620 ms
::1 - GET /api/factory HTTP/1.1 200 935 - 9.199 ms
::1 - GET /api/factory HTTP/1.1 200 935 - 12.228 ms
::1 - GET /api/factory HTTP/1.1 200 935 - 9.349 ms
::1 - GET /api/factory HTTP/1.1 200 935 - 14.625 ms
::1 - GET /api/factory HTTP/1.1 200 935 - 13.749 ms
::1 - GET /api/factory HTTP/1.1 200 935 - 16.505 ms
::1 - GET /api/factory HTTP/1.1 200 935 - 11.056 ms
::1 - GET /api/factory HTTP/1.1 200 935 - 13.721 ms
::1 - GET /api/factory HTTP/1.1 200 935 - 29.457 ms
::1 - GET /api/factory HTTP/1.1 200 935 - 10.356 ms
::1 - GET /api/factory HTTP/1.1 200 935 - 8.547 ms
::1 - GET /api/factory HTTP/1.1 200 935 - 6.820 ms
::1 - GET /api/factory HTTP/1.1 200 935 - 12.029 ms
::1 - GET /api/factory HTTP/1.1 200 935 - 15.812 ms
::1 - GET /api/factory HTTP/1.1 200 935 - 12.767 ms
::1 - GET /api/factory HTTP/1.1 200 935 - 14.781 ms
::1 - GET /api/factory HTTP/1.1 200 935 - 16.593 ms
::1 - GET /api/factory HTTP/1.1 200 935 - 8.671 ms
::1 - GET /api/factory HTTP/1.1 200 935 - 10.901 ms
::1 - GET /api/factory HTTP/1.1 200 935 - 8.075 ms
::1 - GET /api/factory HTTP/1.1 200 935 - 9.806 ms
::1 - GET /api/factory HTTP/1.1 200 935 - 9.328 ms
::1 - GET /api/factory HTTP/1.1 200 935 - 13.152 ms
::1 - GET /api/factory HTTP/1.1 200 935 - 10.385 ms
::1 - GET /api/factory HTTP/1.1 200 935 - 17.126 ms
::1 - GET /api/factory HTTP/1.1 200 935 - 23.276 ms
::1 - GET /api/factory HTTP/1.1 200 935 - 11.632 ms
::1 - GET /api/factory HTTP/1.1 200 935 - 16.773 ms
::1 - GET /api/factory HTTP/1.1 200 935 - 7.943 ms
::1 - GET /api/factory HTTP/1.1 200 935 - 9.619 ms
::1 - GET /api/factory HTTP/1.1 200 935 - 12.292 ms
::1 - GET /api/factory HTTP/1.1 200 935 - 9.065 ms
::1 - GET /api/factory HTTP/1.1 200 935 - 10.167 ms
::1 - GET /api/factory HTTP/1.1 200 935 - 9.994 ms
::1 - GET /api/factory HTTP/1.1 200 935 - 10.195 ms
::1 - GET /api/factory HTTP/1.1 200 935 - 16.202 ms
::1 - GET /api/factory HTTP/1.1 200 935 - 10.555 ms
::1 - GET /api/factory HTTP/1.1 200 935 - 16.000 ms
::1 - GET /api/factory HTTP/1.1 200 935 - 12.509 ms
::1 - GET /api/factory HTTP/1.1 200 935 - 17.359 ms
::1 - GET /api/factory HTTP/1.1 200 935 - 15.492 ms
::1 - GET /api/factory HTTP/1.1 200 935 - 8.725 ms
::1 - GET /api/factory HTTP/1.1 200 935 - 8.660 ms
::1 - GET /api/factory HTTP/1.1 200 935 - 14.297 ms
::1 - GET /api/factory HTTP/1.1 304 - - 7.032 ms
::1 - GET /api/factory HTTP/1.1 200 29 - 7.920 ms
::1 - OPTIONS /api/factory HTTP/1.1 200 13 - 2.132 ms
::1 - POST /api/factory HTTP/1.1 200 16 - 56.941 ms
::1 - GET /api/factory HTTP/1.1 200 310 - 7.840 ms
::1 - GET /api/factory HTTP/1.1 200 310 - 8.982 ms
::1 - GET /api/factory HTTP/1.1 200 310 - 10.100 ms
::1 - OPTIONS /api/factory HTTP/1.1 200 13 - 0.745 ms
::1 - POST /api/factory HTTP/1.1 200 16 - 11.470 ms
::1 - GET /api/factory HTTP/1.1 200 592 - 12.079 ms
::1 - GET /api/factory HTTP/1.1 200 592 - 13.835 ms
::1 - OPTIONS /api/factory HTTP/1.1 200 13 - 0.513 ms
::1 - POST /api/factory HTTP/1.1 200 16 - 6.587 ms
::1 - GET /api/factory HTTP/1.1 200 874 - 7.726 ms
::1 - OPTIONS /api/factory HTTP/1.1 200 13 - 9.058 ms
::1 - POST /api/factory HTTP/1.1 200 16 - 68.630 ms
::1 - GET /api/factory HTTP/1.1 200 1156 - 36.959 ms
::1 - OPTIONS /api/factory HTTP/1.1 200 13 - 7.307 ms
::1 - POST /api/factory HTTP/1.1 200 16 - 80.988 ms
::1 - GET /api/factory HTTP/1.1 200 1438 - 33.400 ms
::1 - OPTIONS /api/factory HTTP/1.1 200 13 - 12.095 ms
::1 - POST /api/factory HTTP/1.1 200 16 - 140.181 ms
::1 - GET /api/factory HTTP/1.1 200 310 - 20.766 ms
::1 - GET /api/factory HTTP/1.1 200 310 - 40.549 ms
::1 - OPTIONS /api/factory HTTP/1.1 200 13 - 1.605 ms
::1 - POST /api/factory HTTP/1.1 200 16 - 90.395 ms
::1 - GET /api/factory HTTP/1.1 200 310 - 8.209 ms
::1 - OPTIONS /api/factory HTTP/1.1 200 13 - 0.864 ms
::1 - POST /api/factory HTTP/1.1 200 16 - 10.483 ms
::1 - GET /api/factory HTTP/1.1 200 310 - 11.916 ms
::1 - OPTIONS /api/factory HTTP/1.1 200 13 - 0.802 ms
::1 - POST /api/factory HTTP/1.1 200 16 - 14.602 ms
::1 - GET /api/factory HTTP/1.1 200 29 - 8.992 ms
::1 - GET /api/factory HTTP/1.1 200 29 - 13.701 ms
::1 - OPTIONS /api/factory HTTP/1.1 200 13 - 1.082 ms
::1 - POST /api/factory HTTP/1.1 200 16 - 11.909 ms
::1 - GET /api/factory HTTP/1.1 200 234 - 11.875 ms
::1 - OPTIONS /api/factory HTTP/1.1 200 13 - 0.817 ms
::1 - POST /api/factory HTTP/1.1 200 16 - 13.689 ms
::1 - GET /api/factory HTTP/1.1 200 234 - 9.102 ms
::1 - OPTIONS /api/factory HTTP/1.1 200 13 - 1.202 ms
::1 - POST /api/factory HTTP/1.1 200 16 - 8.744 ms
::1 - GET /api/factory HTTP/1.1 200 234 - 9.869 ms
::1 - OPTIONS /api/factory HTTP/1.1 200 13 - 1.007 ms
::1 - POST /api/factory HTTP/1.1 200 16 - 17.566 ms
::1 - GET /api/factory HTTP/1.1 200 236 - 11.119 ms
::1 - OPTIONS /api/factory HTTP/1.1 200 13 - 0.704 ms
::1 - POST /api/factory HTTP/1.1 200 16 - 14.196 ms
::1 - GET /api/factory HTTP/1.1 200 446 - 23.893 ms
::1 - OPTIONS /api/factory HTTP/1.1 200 13 - 0.868 ms
::1 - POST /api/factory HTTP/1.1 200 16 - 13.375 ms
::1 - GET /api/factory HTTP/1.1 200 452 - 12.992 ms
::1 - OPTIONS /api/factory HTTP/1.1 200 13 - 0.658 ms
::1 - POST /api/factory HTTP/1.1 200 16 - 10.118 ms
::1 - GET /api/factory HTTP/1.1 200 452 - 9.916 ms
::1 - OPTIONS /api/factory HTTP/1.1 200 13 - 5.921 ms
::1 - POST /api/factory HTTP/1.1 200 16 - 91.297 ms
::1 - GET /api/factory HTTP/1.1 200 457 - 20.163 ms
::1 - OPTIONS /api/factory HTTP/1.1 200 13 - 0.934 ms
::1 - POST /api/factory HTTP/1.1 200 16 - 11.301 ms
::1 - GET /api/factory HTTP/1.1 200 670 - 10.433 ms
::1 - OPTIONS /api/factory HTTP/1.1 200 13 - 0.734 ms
::1 - POST /api/factory HTTP/1.1 200 16 - 16.221 ms
::1 - GET /api/factory HTTP/1.1 200 672 - 12.683 ms
::1 - OPTIONS /api/factory HTTP/1.1 200 13 - 0.789 ms
::1 - POST /api/factory HTTP/1.1 200 16 - 9.256 ms
::1 - GET /api/factory HTTP/1.1 200 671 - 10.718 ms
::1 - OPTIONS /api/factory HTTP/1.1 200 13 - 0.665 ms
::1 - POST /api/factory HTTP/1.1 200 16 - 15.695 ms
::1 - GET /api/factory HTTP/1.1 200 678 - 12.253 ms
::1 - OPTIONS /api/factory HTTP/1.1 200 13 - 1.279 ms
::1 - POST /api/factory HTTP/1.1 200 16 - 11.573 ms
::1 - GET /api/factory HTTP/1.1 200 686 - 16.900 ms
::1 - OPTIONS /api/factory HTTP/1.1 200 13 - 1.218 ms
::1 - POST /api/factory HTTP/1.1 200 16 - 8.615 ms
::1 - GET /api/factory HTTP/1.1 200 691 - 11.249 ms
::1 - OPTIONS /api/factory HTTP/1.1 200 13 - 0.890 ms
::1 - POST /api/factory HTTP/1.1 200 16 - 8.523 ms
::1 - GET /api/factory HTTP/1.1 200 697 - 10.782 ms
::1 - OPTIONS /api/factory HTTP/1.1 200 13 - 0.500 ms
::1 - POST /api/factory HTTP/1.1 200 16 - 10.703 ms
::1 - GET /api/factory HTTP/1.1 200 703 - 10.975 ms
::1 - GET /api/factory HTTP/1.1 200 703 - 31.116 ms
::1 - GET /api/factory HTTP/1.1 200 703 - 11.164 ms
::1 - GET /api/factory HTTP/1.1 200 703 - 13.137 ms
::1 - GET /api/factory HTTP/1.1 200 703 - 10.988 ms
::1 - GET /api/factory HTTP/1.1 200 703 - 9.228 ms
::1 - GET /api/factory HTTP/1.1 200 703 - 21.488 ms
::1 - GET /api/factory HTTP/1.1 200 703 - 10.384 ms
::1 - GET /api/factory HTTP/1.1 200 703 - 16.275 ms
::1 - GET /api/factory HTTP/1.1 200 703 - 9.001 ms
::1 - GET /api/factory HTTP/1.1 200 703 - 11.269 ms
::1 - GET /api/factory HTTP/1.1 200 703 - 9.426 ms
::1 - GET /api/factory HTTP/1.1 200 703 - 10.877 ms
::1 - GET /api/factory HTTP/1.1 200 703 - 15.512 ms
::1 - GET /api/factory HTTP/1.1 200 703 - 50.295 ms
::1 - GET /api/factory HTTP/1.1 200 703 - 9.144 ms
::1 - GET /api/factory HTTP/1.1 200 703 - 6.767 ms
::1 - GET /api/factory HTTP/1.1 200 703 - 19.933 ms
::1 - GET /api/factory HTTP/1.1 200 703 - 14.065 ms
::1 - GET /api/factory HTTP/1.1 200 703 - 13.189 ms
::1 - GET /api/factory HTTP/1.1 200 703 - 10.785 ms
::1 - GET /api/factory HTTP/1.1 200 703 - 218.441 ms
::1 - GET /api/factory HTTP/1.1 200 703 - 15.297 ms
::1 - GET /api/factory HTTP/1.1 200 703 - 6.659 ms
::1 - OPTIONS /api/factory HTTP/1.1 200 20 - 2.483 ms
::1 - DELETE /api/factory HTTP/1.1 200 16 - 34.622 ms
::1 - GET /api/factory HTTP/1.1 200 478 - 6.809 ms
::1 - GET /api/factory HTTP/1.1 200 478 - 8.027 ms
::1 - OPTIONS /api/factory HTTP/1.1 200 20 - 0.392 ms
::1 - DELETE /api/factory HTTP/1.1 200 16 - 6.281 ms
::1 - GET /api/factory HTTP/1.1 200 244 - 6.113 ms
::1 - OPTIONS /api/factory HTTP/1.1 200 20 - 0.532 ms
::1 - DELETE /api/factory HTTP/1.1 200 16 - 5.837 ms
::1 - GET /api/factory HTTP/1.1 200 29 - 4.676 ms
::1 - GET /api/factory HTTP/1.1 200 29 - 9.464 ms
::1 - OPTIONS /api/factory HTTP/1.1 200 20 - 0.622 ms
::1 - POST /api/factory HTTP/1.1 200 16 - 63.010 ms
::1 - GET /api/factory HTTP/1.1 200 307 - 8.736 ms
::1 - GET /api/factory HTTP/1.1 200 307 - 14.680 ms
::1 - GET /api/factory HTTP/1.1 200 307 - 7.765 ms
::1 - GET /api/factory HTTP/1.1 200 307 - 9.587 ms
::1 - OPTIONS /api/factory HTTP/1.1 200 20 - 0.810 ms
::1 - POST /api/factory HTTP/1.1 200 16 - 13.002 ms
::1 - GET /api/factory HTTP/1.1 200 577 - 13.267 ms
::1 - GET /api/factory HTTP/1.1 200 577 - 10.815 ms
::1 - GET /api/factory HTTP/1.1 200 577 - 41.530 ms
::ffff:127.0.0.1 - GET /api/factory HTTP/1.1 200 6256 - 64.434 ms
::ffff:127.0.0.1 - GET /favicon.ico HTTP/1.1 404 324 - 49.098 ms
